[debug] [2025-01-28T10:29:59.288Z] ----------------------------------------------------------------------
[debug] [2025-01-28T10:29:59.292Z] Command:       C:\Users\node.exe C:\Users\User\AppData\Roaming\npm\node_modules\firebase-tools\lib\bin\firebase.js deploy
[debug] [2025-01-28T10:29:59.292Z] CLI Version:   13.29.1
[debug] [2025-01-28T10:29:59.293Z] Platform:      win32
[debug] [2025-01-28T10:29:59.293Z] Node Version:  v22.12.0
[debug] [2025-01-28T10:29:59.293Z] Time:          Tue Jan 28 2025 11:29:59 GMT+0100 (West Africa Standard Time)
[debug] [2025-01-28T10:29:59.293Z] ----------------------------------------------------------------------
[debug] 
[debug] [2025-01-28T10:29:59.442Z] > command requires scopes: ["email","openid","https://www.googleapis.com/auth/cloudplatformprojects.readonly","https://www.googleapis.com/auth/firebase","https://www.googleapis.com/auth/cloud-platform"]
[debug] [2025-01-28T10:29:59.443Z] > authorizing via signed-in user (omotososakiru25@gmail.com)
[debug] [2025-01-28T10:29:59.443Z] [iam] checking project snap-we-app-landing-page for permissions ["firebase.projects.get","firebasehosting.sites.update"]
[debug] [2025-01-28T10:29:59.445Z] Checked if tokens are valid: true, expires at: 1738063344170
[debug] [2025-01-28T10:29:59.445Z] Checked if tokens are valid: true, expires at: 1738063344170
[debug] [2025-01-28T10:29:59.447Z] >>> [apiv2][query] POST https://cloudresourcemanager.googleapis.com/v1/projects/snap-we-app-landing-page:testIamPermissions [none]
[debug] [2025-01-28T10:29:59.447Z] >>> [apiv2][(partial)header] POST https://cloudresourcemanager.googleapis.com/v1/projects/snap-we-app-landing-page:testIamPermissions x-goog-quota-user=projects/snap-we-app-landing-page
[debug] [2025-01-28T10:29:59.447Z] >>> [apiv2][body] POST https://cloudresourcemanager.googleapis.com/v1/projects/snap-we-app-landing-page:testIamPermissions {"permissions":["firebase.projects.get","firebasehosting.sites.update"]}
[debug] [2025-01-28T10:30:11.986Z] <<< [apiv2][status] POST https://cloudresourcemanager.googleapis.com/v1/projects/snap-we-app-landing-page:testIamPermissions 200
[debug] [2025-01-28T10:30:11.986Z] <<< [apiv2][body] POST https://cloudresourcemanager.googleapis.com/v1/projects/snap-we-app-landing-page:testIamPermissions {"permissions":["firebase.projects.get","firebasehosting.sites.update"]}
[debug] [2025-01-28T10:30:11.987Z] Checked if tokens are valid: true, expires at: 1738063344170
[debug] [2025-01-28T10:30:11.987Z] Checked if tokens are valid: true, expires at: 1738063344170
[debug] [2025-01-28T10:30:11.987Z] >>> [apiv2][query] GET https://firebase.googleapis.com/v1beta1/projects/snap-we-app-landing-page [none]
[debug] [2025-01-28T10:30:12.642Z] <<< [apiv2][status] GET https://firebase.googleapis.com/v1beta1/projects/snap-we-app-landing-page 200
[debug] [2025-01-28T10:30:12.642Z] <<< [apiv2][body] GET https://firebase.googleapis.com/v1beta1/projects/snap-we-app-landing-page {"projectId":"snap-we-app-landing-page","projectNumber":"137455602497","displayName":"Snap web app","name":"projects/snap-we-app-landing-page","resources":{"hostingSite":"snap-we-app-landing-page"},"state":"ACTIVE","etag":"1_4fce257b-6ba3-4050-adda-e9d4711ff5bf"}
[info] 
[info] === Deploying to 'snap-we-app-landing-page'...
[info] 
[info] i  deploying hosting 
[debug] [2025-01-28T10:30:12.652Z] Checked if tokens are valid: true, expires at: 1738063344170
[debug] [2025-01-28T10:30:12.652Z] Checked if tokens are valid: true, expires at: 1738063344170
[debug] [2025-01-28T10:30:12.652Z] >>> [apiv2][query] POST https://firebasehosting.googleapis.com/v1beta1/projects/-/sites/snap-we-app-landing-page/versions [none]
[debug] [2025-01-28T10:30:12.652Z] >>> [apiv2][body] POST https://firebasehosting.googleapis.com/v1beta1/projects/-/sites/snap-we-app-landing-page/versions {"status":"CREATED","labels":{"deployment-tool":"cli-firebase"}}
[debug] [2025-01-28T10:30:16.731Z] <<< [apiv2][status] POST https://firebasehosting.googleapis.com/v1beta1/projects/-/sites/snap-we-app-landing-page/versions 200
[debug] [2025-01-28T10:30:16.732Z] <<< [apiv2][body] POST https://firebasehosting.googleapis.com/v1beta1/projects/-/sites/snap-we-app-landing-page/versions {"name":"projects/137455602497/sites/snap-we-app-landing-page/versions/a3567bc1b2f1dfa7","status":"CREATED","config":{},"labels":{"deployment-tool":"cli-firebase"}}
[info] i  hosting[snap-we-app-landing-page]: beginning deploy... 
[info] i  hosting[snap-we-app-landing-page]: found 1 files in build/web 
[debug] [2025-01-28T10:30:20.306Z] [hosting] uploading with 200 concurrency
[debug] [2025-01-28T10:30:20.310Z] [hosting] hash cache [YnVpbGRcd2Vi] not populated
[debug] [2025-01-28T10:30:20.318Z] Checked if tokens are valid: true, expires at: 1738063344170
[debug] [2025-01-28T10:30:20.318Z] Checked if tokens are valid: true, expires at: 1738063344170
[debug] [2025-01-28T10:30:20.332Z] [hosting] hash cache [YnVpbGRcd2Vi] stored for 1 files
[debug] [2025-01-28T10:30:20.333Z] [hosting][hash queue][FINAL] {"max":6,"min":6,"avg":6,"active":0,"complete":1,"success":1,"errored":0,"retried":0,"total":1,"elapsed":22}
[debug] [2025-01-28T10:30:20.333Z] >>> [apiv2][query] POST https://firebasehosting.googleapis.com/v1beta1/projects/137455602497/sites/snap-we-app-landing-page/versions/a3567bc1b2f1dfa7:populateFiles [none]
[debug] [2025-01-28T10:30:20.333Z] >>> [apiv2][body] POST https://firebasehosting.googleapis.com/v1beta1/projects/137455602497/sites/snap-we-app-landing-page/versions/a3567bc1b2f1dfa7:populateFiles {"files":{"/index.html":"909aab6a317cdf05a56219993c14561d7b829e47e0b886677057ece0ec906f51"}}
[debug] [2025-01-28T10:30:25.144Z] <<< [apiv2][status] POST https://firebasehosting.googleapis.com/v1beta1/projects/137455602497/sites/snap-we-app-landing-page/versions/a3567bc1b2f1dfa7:populateFiles 200
[debug] [2025-01-28T10:30:25.144Z] <<< [apiv2][body] POST https://firebasehosting.googleapis.com/v1beta1/projects/137455602497/sites/snap-we-app-landing-page/versions/a3567bc1b2f1dfa7:populateFiles {"uploadRequiredHashes":["909aab6a317cdf05a56219993c14561d7b829e47e0b886677057ece0ec906f51"],"uploadUrl":"https://upload-firebasehosting.googleapis.com/upload/sites/snap-we-app-landing-page/versions/a3567bc1b2f1dfa7/files"}
[debug] [2025-01-28T10:30:25.144Z] Checked if tokens are valid: true, expires at: 1738063344170
[debug] [2025-01-28T10:30:25.145Z] Checked if tokens are valid: true, expires at: 1738063344170
[debug] [2025-01-28T10:30:25.145Z] >>> [apiv2][query] POST https://upload-firebasehosting.googleapis.com/upload/sites/snap-we-app-landing-page/versions/a3567bc1b2f1dfa7/files/909aab6a317cdf05a56219993c14561d7b829e47e0b886677057ece0ec906f51 [none]
[debug] [2025-01-28T10:30:25.145Z] >>> [apiv2][body] POST https://upload-firebasehosting.googleapis.com/upload/sites/snap-we-app-landing-page/versions/a3567bc1b2f1dfa7/files/909aab6a317cdf05a56219993c14561d7b829e47e0b886677057ece0ec906f51 [stream]
[debug] [2025-01-28T10:30:25.147Z] [hosting][populate queue][FINAL] {"max":4828,"min":4828,"avg":4828,"active":0,"complete":1,"success":1,"errored":0,"retried":0,"total":1,"elapsed":4830}
[debug] [2025-01-28T10:30:25.147Z] [hosting] uploads queued: 1
[debug] [2025-01-28T10:30:26.813Z] <<< [apiv2][status] POST https://upload-firebasehosting.googleapis.com/upload/sites/snap-we-app-landing-page/versions/a3567bc1b2f1dfa7/files/909aab6a317cdf05a56219993c14561d7b829e47e0b886677057ece0ec906f51 200
[debug] [2025-01-28T10:30:26.813Z] <<< [apiv2][body] POST https://upload-firebasehosting.googleapis.com/upload/sites/snap-we-app-landing-page/versions/a3567bc1b2f1dfa7/files/909aab6a317cdf05a56219993c14561d7b829e47e0b886677057ece0ec906f51 [stream]
[debug] [2025-01-28T10:30:26.813Z] [hosting][upload queue][FINAL] {"max":1669,"min":1669,"avg":1669,"active":0,"complete":1,"success":1,"errored":0,"retried":0,"total":1,"elapsed":1669}
[info] +  hosting[snap-we-app-landing-page]: file upload complete 
[debug] [2025-01-28T10:30:26.815Z] [hosting] deploy completed after 6525ms
[debug] [2025-01-28T10:30:26.816Z] [
  {
    "config": {
      "public": "build/web",
      "ignore": [
        "firebase.json",
        "**/.*",
        "**/node_modules/**"
      ],
      "rewrites": [
        {
          "source": "**",
          "destination": "/index.html"
        }
      ],
      "site": "snap-we-app-landing-page"
    },
    "version": "projects/137455602497/sites/snap-we-app-landing-page/versions/a3567bc1b2f1dfa7"
  }
]
[info] i  hosting[snap-we-app-landing-page]: finalizing version... 
[debug] [2025-01-28T10:30:26.819Z] Checked if tokens are valid: true, expires at: 1738063344170
[debug] [2025-01-28T10:30:26.819Z] Checked if tokens are valid: true, expires at: 1738063344170
[debug] [2025-01-28T10:30:26.819Z] >>> [apiv2][query] PATCH https://firebasehosting.googleapis.com/v1beta1/projects/-/sites/snap-we-app-landing-page/versions/a3567bc1b2f1dfa7 updateMask=status%2Cconfig
[debug] [2025-01-28T10:30:26.820Z] >>> [apiv2][body] PATCH https://firebasehosting.googleapis.com/v1beta1/projects/-/sites/snap-we-app-landing-page/versions/a3567bc1b2f1dfa7 {"status":"FINALIZED","config":{"rewrites":[{"glob":"**","path":"/index.html"}]}}
[debug] [2025-01-28T10:30:36.228Z] *** [apiv2] error from fetch(https://firebasehosting.googleapis.com/v1beta1/projects/-/sites/snap-we-app-landing-page/versions/a3567bc1b2f1dfa7?updateMask=status%2Cconfig, {"headers":{},"method":"PATCH","body":"{\"status\":\"FINALIZED\",\"config\":{\"rewrites\":[{\"glob\":\"**\",\"path\":\"/index.html\"}]}}"}): FetchError: request to https://firebasehosting.googleapis.com/v1beta1/projects/-/sites/snap-we-app-landing-page/versions/a3567bc1b2f1dfa7?updateMask=status%2Cconfig failed, reason: read ECONNRESET
[debug] [2025-01-28T10:30:41.243Z] Error: Timed out.
    at Timeout._onTimeout (C:\Users\User\AppData\Roaming\npm\node_modules\firebase-tools\lib\utils.js:269:49)
    at listOnTimeout (node:internal/timers:594:17)
    at process.processTimers (node:internal/timers:529:7)
[error] 
[error] Error: An unexpected error has occurred.
[debug] [2025-01-28T10:32:46.396Z] ----------------------------------------------------------------------
[debug] [2025-01-28T10:32:46.399Z] Command:       C:\Users\node.exe C:\Users\User\AppData\Roaming\npm\node_modules\firebase-tools\lib\bin\firebase.js init hosting
[debug] [2025-01-28T10:32:46.400Z] CLI Version:   13.29.1
[debug] [2025-01-28T10:32:46.400Z] Platform:      win32
[debug] [2025-01-28T10:32:46.400Z] Node Version:  v22.12.0
[debug] [2025-01-28T10:32:46.401Z] Time:          Tue Jan 28 2025 11:32:46 GMT+0100 (West Africa Standard Time)
[debug] [2025-01-28T10:32:46.401Z] ----------------------------------------------------------------------
[debug] 
[debug] [2025-01-28T10:32:46.545Z] > command requires scopes: ["email","openid","https://www.googleapis.com/auth/cloudplatformprojects.readonly","https://www.googleapis.com/auth/firebase","https://www.googleapis.com/auth/cloud-platform"]
[debug] [2025-01-28T10:32:46.546Z] > authorizing via signed-in user (omotososakiru25@gmail.com)
[info] 
     ######## #### ########  ######## ########     ###     ######  ########
     ##        ##  ##     ## ##       ##     ##  ##   ##  ##       ##
     ######    ##  ########  ######   ########  #########  ######  ######
     ##        ##  ##    ##  ##       ##     ## ##     ##       ## ##
     ##       #### ##     ## ######## ########  ##     ##  ######  ########

You're about to initialize a Firebase project in this directory:

  C:\Users\User\snap_landing_page

Before we get started, keep in mind:

  * You are initializing within an existing Firebase project directory

[info] 
=== Project Setup
[info] 
[info] First, let's associate this project directory with a Firebase project.
[info] You can create multiple project aliases by running firebase use --add, 
[info] but for now we'll just set up a default project.
[info] 
[debug] [2025-01-28T10:32:50.067Z] Using project from CLI flag: snap-we-app-landing-page
[debug] [2025-01-28T10:32:50.069Z] Checked if tokens are valid: true, expires at: 1738063344170
[debug] [2025-01-28T10:32:50.070Z] Checked if tokens are valid: true, expires at: 1738063344170
[debug] [2025-01-28T10:32:50.072Z] >>> [apiv2][query] GET https://firebase.googleapis.com/v1beta1/projects/snap-we-app-landing-page [none]
[debug] [2025-01-28T10:32:53.994Z] <<< [apiv2][status] GET https://firebase.googleapis.com/v1beta1/projects/snap-we-app-landing-page 200
[debug] [2025-01-28T10:32:53.994Z] <<< [apiv2][body] GET https://firebase.googleapis.com/v1beta1/projects/snap-we-app-landing-page {"projectId":"snap-we-app-landing-page","projectNumber":"137455602497","displayName":"Snap web app","name":"projects/snap-we-app-landing-page","resources":{"hostingSite":"snap-we-app-landing-page"},"state":"ACTIVE","etag":"1_4fce257b-6ba3-4050-adda-e9d4711ff5bf"}
[info] i  Using project snap-we-app-landing-page (Snap web app) 
[info] 
=== Hosting Setup
[debug] [2025-01-28T10:32:54.008Z] Checked if tokens are valid: true, expires at: 1738063344170
[debug] [2025-01-28T10:32:54.008Z] Checked if tokens are valid: true, expires at: 1738063344170
[debug] [2025-01-28T10:32:54.008Z] >>> [apiv2][query] GET https://firebase.googleapis.com/v1beta1/projects/snap-we-app-landing-page [none]
[debug] [2025-01-28T10:32:54.297Z] <<< [apiv2][status] GET https://firebase.googleapis.com/v1beta1/projects/snap-we-app-landing-page 200
[debug] [2025-01-28T10:32:54.298Z] <<< [apiv2][body] GET https://firebase.googleapis.com/v1beta1/projects/snap-we-app-landing-page {"projectId":"snap-we-app-landing-page","projectNumber":"137455602497","displayName":"Snap web app","name":"projects/snap-we-app-landing-page","resources":{"hostingSite":"snap-we-app-landing-page"},"state":"ACTIVE","etag":"1_4fce257b-6ba3-4050-adda-e9d4711ff5bf"}
[info] 
[info] Your public directory is the folder (relative to your project directory) that
[info] will contain Hosting assets to be uploaded with firebase deploy. If you
[info] have a build process for your assets, use your build's output directory.
[info] 
